Defaulting to user installation because normal site-packages is not writeable
Collecting deepface
  Using cached deepface-0.0.99-py3-none-any.whl.metadata (34 kB)
Collecting tf-keras
  Using cached tf_keras-2.21.0-py3-none-any.whl.metadata (1.8 kB)
Requirement already satisfied: requests>=2.27.1 in c:\users\navtej\appdata\local\packages\pythonsoftwarefoundation.python.3.13_qbz5n2kfra8p0\localcache\local-packages\python313\site-packages (from deepface) (2.32.5)
Requirement already satisfied: numpy>=1.14.0 in c:\users\navtej\appdata\local\packages\pythonsoftwarefoundation.python.3.13_qbz5n2kfra8p0\localcache\local-packages\python313\site-packages (from deepface) (2.4.1)
Requirement already satisfied: pandas>=0.23.4 in c:\users\navtej\appdata\local\packages\pythonsoftwarefoundation.python.3.13_qbz5n2kfra8p0\localcache\local-packages\python313\site-packages (from deepface) (2.3.3)
Requirement already satisfied: gdown>=3.10.1 in c:\users\navtej\appdata\local\packages\pythonsoftwarefoundation.python.3.13_qbz5n2kfra8p0\localcache\local-packages\python313\site-packages (from deepface) (5.2.1)
Requirement already satisfied: tqdm>=4.30.0 in c:\users\navtej\appdata\local\packages\pythonsoftwarefoundation.python.3.13_qbz5n2kfra8p0\localcache\local-packages\python313\site-packages (from deepface) (4.67.3)
Requirement already satisfied: Pillow>=5.2.0 in c:\users\navtej\appdata\local\packages\pythonsoftwarefoundation.python.3.13_qbz5n2kfra8p0\localcache\local-packages\python313\site-packages (from deepface) (12.1.0)
Requirement already satisfied: opencv-python>=4.5.5.64 in c:\users\navtej\appdata\local\packages\pythonsoftwarefoundation.python.3.13_qbz5n2kfra8p0\localcache\local-packages\python313\site-packages (from deepface) (4.13.0.92)
Collecting tensorflow>=1.9.0 (from deepface)
  Using cached tensorflow-2.21.0-cp313-cp313-win_amd64.whl.metadata (4.5 kB)
Requirement already satisfied: keras>=2.2.0 in c:\users\navtej\appdata\local\packages\pythonsoftwarefoundation.python.3.13_qbz5n2kfra8p0\localcache\local-packages\python313\site-packages (from deepface) (3.13.2)
Requirement already satisfied: Flask>=1.1.2 in c:\users\navtej\appdata\local\packages\pythonsoftwarefoundation.python.3.13_qbz5n2kfra8p0\localcache\local-packages\python313\site-packages (from deepface) (3.0.0)
Requirement already satisfied: flask-cors>=4.0.1 in c:\users\navtej\appdata\local\packages\pythonsoftwarefoundation.python.3.13_qbz5n2kfra8p0\localcache\local-packages\python313\site-packages (from deepface) (6.0.2)
Requirement already satisfied: mtcnn>=0.1.0 in c:\users\navtej\appdata\local\packages\pythonsoftwarefoundation.python.3.13_qbz5n2kfra8p0\localcache\local-packages\python313\site-packages (from deepface) (1.0.0)
Collecting retina-face>=0.0.14 (from deepface)
  Using cached retina_face-0.0.17-py3-none-any.whl.metadata (10 kB)
Requirement already satisfied: fire>=0.4.0 in c:\users\navtej\appdata\local\packages\pythonsoftwarefoundation.python.3.13_qbz5n2kfra8p0\localcache\local-packages\python313\site-packages (from deepface) (0.7.1)
Requirement already satisfied: gunicorn>=20.1.0 in c:\users\navtej\appdata\local\packages\pythonsoftwarefoundation.python.3.13_qbz5n2kfra8p0\localcache\local-packages\python313\site-packages (from deepface) (25.1.0)
Requirement already satisfied: lightphe>=0.0.15 in c:\users\navtej\appdata\local\packages\pythonsoftwarefoundation.python.3.13_qbz5n2kfra8p0\localcache\local-packages\python313\site-packages (from deepface) (0.0.20)
Requirement already satisfied: lightdsa>=0.0.3 in c:\users\navtej\appdata\local\packages\pythonsoftwarefoundation.python.3.13_qbz5n2kfra8p0\localcache\local-packages\python313\site-packages (from deepface) (0.0.3)
Requirement already satisfied: python-dotenv>=1.0.1 in c:\users\navtej\appdata\local\packages\pythonsoftwarefoundation.python.3.13_qbz5n2kfra8p0\localcache\local-packages\python313\site-packages (from deepface) (1.2.1)
Requirement already satisfied: absl-py>=1.0.0 in c:\users\navtej\appdata\local\packages\pythonsoftwarefoundation.python.3.13_qbz5n2kfra8p0\localcache\local-packages\python313\site-packages (from tensorflow>=1.9.0->deepface) (2.4.0)
Requirement already satisfied: astunparse>=1.6.0 in c:\users\navtej\appdata\local\packages\pythonsoftwarefoundation.python.3.13_qbz5n2kfra8p0\localcache\local-packages\python313\site-packages (from tensorflow>=1.9.0->deepface) (1.6.3)
Requirement already satisfied: flatbuffers>=25.9.23 in c:\users\navtej\appdata\local\packages\pythonsoftwarefoundation.python.3.13_qbz5n2kfra8p0\localcache\local-packages\python313\site-packages (from tensorflow>=1.9.0->deepface) (25.12.19)
Requirement already satisfied: gast!=0.5.0,!=0.5.1,!=0.5.2,>=0.2.1 in c:\users\navtej\appdata\local\packages\pythonsoftwarefoundation.python.3.13_qbz5n2kfra8p0\localcache\local-packages\python313\site-packages (from tensorflow>=1.9.0->deepface) (0.7.0)
Requirement already satisfied: google_pasta>=0.1.1 in c:\users\navtej\appdata\local\packages\pythonsoftwarefoundation.python.3.13_qbz5n2kfra8p0\localcache\local-packages\python313\site-packages (from tensorflow>=1.9.0->deepface) (0.2.0)
Requirement already satisfied: libclang>=13.0.0 in c:\users\navtej\appdata\local\packages\pythonsoftwarefoundation.python.3.13_qbz5n2kfra8p0\localcache\local-packages\python313\site-packages (from tensorflow>=1.9.0->deepface) (18.1.1)
Requirement already satisfied: opt_einsum>=2.3.2 in c:\users\navtej\appdata\local\packages\pythonsoftwarefoundation.python.3.13_qbz5n2kfra8p0\localcache\local-packages\python313\site-packages (from tensorflow>=1.9.0->deepface) (3.4.0)
Requirement already satisfied: packaging in c:\users\navtej\appdata\local\packages\pythonsoftwarefoundation.python.3.13_qbz5n2kfra8p0\localcache\local-packages\python313\site-packages (from tensorflow>=1.9.0->deepface) (26.0)
Requirement already satisfied: protobuf<8.0.0,>=6.31.1 in c:\users\navtej\appdata\local\packages\pythonsoftwarefoundation.python.3.13_qbz5n2kfra8p0\localcache\local-packages\python313\site-packages (from tensorflow>=1.9.0->deepface) (7.34.1)
Requirement already satisfied: setuptools in c:\users\navtej\appdata\local\packages\pythonsoftwarefoundation.python.3.13_qbz5n2kfra8p0\localcache\local-packages\python313\site-packages (from tensorflow>=1.9.0->deepface) (80.9.0)
Requirement already satisfied: six>=1.12.0 in c:\users\navtej\appdata\local\packages\pythonsoftwarefoundation.python.3.13_qbz5n2kfra8p0\localcache\local-packages\python313\site-packages (from tensorflow>=1.9.0->deepface) (1.17.0)
Requirement already satisfied: termcolor>=1.1.0 in c:\users\navtej\appdata\local\packages\pythonsoftwarefoundation.python.3.13_qbz5n2kfra8p0\localcache\local-packages\python313\site-packages (from tensorflow>=1.9.0->deepface) (3.3.0)
Requirement already satisfied: typing_extensions>=3.6.6 in c:\users\navtej\appdata\local\packages\pythonsoftwarefoundation.python.3.13_qbz5n2kfra8p0\localcache\local-packages\python313\site-packages (from tensorflow>=1.9.0->deepface) (4.15.0)
Requirement already satisfied: wrapt>=1.11.0 in c:\users\navtej\appdata\local\packages\pythonsoftwarefoundation.python.3.13_qbz5n2kfra8p0\localcache\local-packages\python313\site-packages (from tensorflow>=1.9.0->deepface) (2.1.1)
Requirement already satisfied: grpcio<2.0,>=1.24.3 in c:\users\navtej\appdata\local\packages\pythonsoftwarefoundation.python.3.13_qbz5n2kfra8p0\localcache\local-packages\python313\site-packages (from tensorflow>=1.9.0->deepface) (1.78.1)
Requirement already satisfied: h5py<3.15.0,>=3.11.0 in c:\users\navtej\appdata\local\packages\pythonsoftwarefoundation.python.3.13_qbz5n2kfra8p0\localcache\local-packages\python313\site-packages (from tensorflow>=1.9.0->deepface) (3.14.0)
Requirement already satisfied: ml_dtypes<1.0.0,>=0.5.1 in c:\users\navtej\appdata\local\packages\pythonsoftwarefoundation.python.3.13_qbz5n2kfra8p0\localcache\local-packages\python313\site-packages (from tensorflow>=1.9.0->deepface) (0.5.4)
Requirement already satisfied: charset_normalizer<4,>=2 in c:\users\navtej\appdata\local\packages\pythonsoftwarefoundation.python.3.13_qbz5n2kfra8p0\localcache\local-packages\python313\site-packages (from requests>=2.27.1->deepface) (3.4.4)
Requirement already satisfied: idna<4,>=2.5 in c:\users\navtej\appdata\local\packages\pythonsoftwarefoundation.python.3.13_qbz5n2kfra8p0\localcache\local-packages\python313\site-packages (from requests>=2.27.1->deepface) (3.11)
Requirement already satisfied: urllib3<3,>=1.21.1 in c:\users\navtej\appdata\local\packages\pythonsoftwarefoundation.python.3.13_qbz5n2kfra8p0\localcache\local-packages\python313\site-packages (from requests>=2.27.1->deepface) (2.6.3)
Requirement already satisfied: certifi>=2017.4.17 in c:\users\navtej\appdata\local\packages\pythonsoftwarefoundation.python.3.13_qbz5n2kfra8p0\localcache\local-packages\python313\site-packages (from requests>=2.27.1->deepface) (2026.1.4)
Requirement already satisfied: wheel<1.0,>=0.23.0 in c:\users\navtej\appdata\local\packages\pythonsoftwarefoundation.python.3.13_qbz5n2kfra8p0\localcache\local-packages\python313\site-packages (from astunparse>=1.6.0->tensorflow>=1.9.0->deepface) (0.46.3)
Requirement already satisfied: Werkzeug>=3.0.0 in c:\users\navtej\appdata\local\packages\pythonsoftwarefoundation.python.3.13_qbz5n2kfra8p0\localcache\local-packages\python313\site-packages (from Flask>=1.1.2->deepface) (3.0.1)
Requirement already satisfied: Jinja2>=3.1.2 in c:\users\navtej\appdata\local\packages\pythonsoftwarefoundation.python.3.13_qbz5n2kfra8p0\localcache\local-packages\python313\site-packages (from Flask>=1.1.2->deepface) (3.1.6)
Requirement already satisfied: itsdangerous>=2.1.2 in c:\users\navtej\appdata\local\packages\pythonsoftwarefoundation.python.3.13_qbz5n2kfra8p0\localcache\local-packages\python313\site-packages (from Flask>=1.1.2->deepface) (2.2.0)
Requirement already satisfied: click>=8.1.3 in c:\users\navtej\appdata\local\packages\pythonsoftwarefoundation.python.3.13_qbz5n2kfra8p0\localcache\local-packages\python313\site-packages (from Flask>=1.1.2->deepface) (8.3.1)
Requirement already satisfied: blinker>=1.6.2 in c:\users\navtej\appdata\local\packages\pythonsoftwarefoundation.python.3.13_qbz5n2kfra8p0\localcache\local-packages\python313\site-packages (from Flask>=1.1.2->deepface) (1.9.0)
Requirement already satisfied: colorama in c:\users\navtej\appdata\local\packages\pythonsoftwarefoundation.python.3.13_qbz5n2kfra8p0\localcache\local-packages\python313\site-packages (from click>=8.1.3->Flask>=1.1.2->deepface) (0.4.6)
Requirement already satisfied: beautifulsoup4 in c:\users\navtej\appdata\local\packages\pythonsoftwarefoundation.python.3.13_qbz5n2kfra8p0\localcache\local-packages\python313\site-packages (from gdown>=3.10.1->deepface) (4.14.3)
Requirement already satisfied: filelock in c:\users\navtej\appdata\local\packages\pythonsoftwarefoundation.python.3.13_qbz5n2kfra8p0\localcache\local-packages\python313\site-packages (from gdown>=3.10.1->deepface) (3.24.3)
Requirement already satisfied: MarkupSafe>=2.0 in c:\users\navtej\appdata\local\packages\pythonsoftwarefoundation.python.3.13_qbz5n2kfra8p0\localcache\local-packages\python313\site-packages (from Jinja2>=3.1.2->Flask>=1.1.2->deepface) (3.0.3)
Requirement already satisfied: rich in c:\users\navtej\appdata\local\packages\pythonsoftwarefoundation.python.3.13_qbz5n2kfra8p0\localcache\local-packages\python313\site-packages (from keras>=2.2.0->deepface) (14.3.3)
Requirement already satisfied: namex in c:\users\navtej\appdata\local\packages\pythonsoftwarefoundation.python.3.13_qbz5n2kfra8p0\localcache\local-packages\python313\site-packages (from keras>=2.2.0->deepface) (0.1.0)
Requirement already satisfied: optree in c:\users\navtej\appdata\local\packages\pythonsoftwarefoundation.python.3.13_qbz5n2kfra8p0\localcache\local-packages\python313\site-packages (from keras>=2.2.0->deepface) (0.19.0)
Requirement already satisfied: lightecc in c:\users\navtej\appdata\local\packages\pythonsoftwarefoundation.python.3.13_qbz5n2kfra8p0\localcache\local-packages\python313\site-packages (from lightdsa>=0.0.3->deepface) (0.0.4)
Requirement already satisfied: sympy in c:\users\navtej\appdata\local\packages\pythonsoftwarefoundation.python.3.13_qbz5n2kfra8p0\localcache\local-packages\python313\site-packages (from lightdsa>=0.0.3->deepface) (1.14.0)
Requirement already satisfied: joblib>=1.4.2 in c:\users\navtej\appdata\local\packages\pythonsoftwarefoundation.python.3.13_qbz5n2kfra8p0\localcache\local-packages\python313\site-packages (from mtcnn>=0.1.0->deepface) (1.5.3)
Requirement already satisfied: lz4>=4.3.3 in c:\users\navtej\appdata\local\packages\pythonsoftwarefoundation.python.3.13_qbz5n2kfra8p0\localcache\local-packages\python313\site-packages (from mtcnn>=0.1.0->deepface) (4.4.5)
Requirement already satisfied: python-dateutil>=2.8.2 in c:\users\navtej\appdata\local\packages\pythonsoftwarefoundation.python.3.13_qbz5n2kfra8p0\localcache\local-packages\python313\site-packages (from pandas>=0.23.4->deepface) (2.9.0.post0)
Requirement already satisfied: pytz>=2020.1 in c:\users\navtej\appdata\local\packages\pythonsoftwarefoundation.python.3.13_qbz5n2kfra8p0\localcache\local-packages\python313\site-packages (from pandas>=0.23.4->deepface) (2025.2)
Requirement already satisfied: tzdata>=2022.7 in c:\users\navtej\appdata\local\packages\pythonsoftwarefoundation.python.3.13_qbz5n2kfra8p0\localcache\local-packages\python313\site-packages (from pandas>=0.23.4->deepface) (2025.3)
Requirement already satisfied: mpmath<1.4,>=1.1.0 in c:\users\navtej\appdata\local\packages\pythonsoftwarefoundation.python.3.13_qbz5n2kfra8p0\localcache\local-packages\python313\site-packages (from sympy->lightdsa>=0.0.3->deepface) (1.3.0)
Requirement already satisfied: soupsieve>=1.6.1 in c:\users\navtej\appdata\local\packages\pythonsoftwarefoundation.python.3.13_qbz5n2kfra8p0\localcache\local-packages\python313\site-packages (from beautifulsoup4->gdown>=3.10.1->deepface) (2.8.3)
Requirement already satisfied: PySocks!=1.5.7,>=1.5.6 in c:\users\navtej\appdata\local\packages\pythonsoftwarefoundation.python.3.13_qbz5n2kfra8p0\localcache\local-packages\python313\site-packages (from requests[socks]->gdown>=3.10.1->deepface) (1.7.1)
Requirement already satisfied: markdown-it-py>=2.2.0 in c:\users\navtej\appdata\local\packages\pythonsoftwarefoundation.python.3.13_qbz5n2kfra8p0\localcache\local-packages\python313\site-packages (from rich->keras>=2.2.0->deepface) (4.0.0)
Requirement already satisfied: pygments<3.0.0,>=2.13.0 in c:\users\navtej\appdata\local\packages\pythonsoftwarefoundation.python.3.13_qbz5n2kfra8p0\localcache\local-packages\python313\site-packages (from rich->keras>=2.2.0->deepface) (2.19.2)
Requirement already satisfied: mdurl~=0.1 in c:\users\navtej\appdata\local\packages\pythonsoftwarefoundation.python.3.13_qbz5n2kfra8p0\localcache\local-packages\python313\site-packages (from markdown-it-py>=2.2.0->rich->keras>=2.2.0->deepface) (0.1.2)
Using cached deepface-0.0.99-py3-none-any.whl (169 kB)
Using cached tf_keras-2.21.0-py3-none-any.whl (1.7 MB)
Using cached tensorflow-2.21.0-cp313-cp313-win_amd64.whl (351.2 MB)
Using cached retina_face-0.0.17-py3-none-any.whl (25 kB)
Installing collected packages: tensorflow, tf-keras, retina-face, deepface
pip : ERROR: Could not install packages due to an OSError: [Errno 2] No 
such file or directory: 'C:\\Users\\navtej\\AppData\\Local\\Packages\\Pyt
honSoftwareFoundation.Python.3.13_qbz5n2kfra8p0\\LocalCache\\local-packag
es\\Python313\\site-packages\\tensorflow\\include\\external\\com_github_g
rpc_grpc\\src\\core\\credentials\\call\\gcp_service_account_identity\\gcp
_service_account_identity_credentials.h'
At line:1 char:1
+ pip install deepface tf-keras > install.log 2>&1
+ ~~~~~~~~~~~~~~~~~~~~~~~~~~~~~~~~~~~~~~~~~~~~~~~~
    + CategoryInfo          : NotSpecified: (ERROR: Could no..._credenti 
   als.h':String) [], RemoteException
    + FullyQualifiedErrorId : NativeCommandError
 
HINT: This error might have occurred since this system does not have 
Windows Long Path support enabled. You can find information on how to 
enable this at https://pip.pypa.io/warnings/enable-long-paths



[notice] A new release of pip is available: 25.3 -> 26.0.1
[notice] To update, run: C:\Users\navtej\AppData\Local\Microsoft\WindowsA
pps\PythonSoftwareFoundation.Python.3.13_qbz5n2kfra8p0\python.exe -m pip 
install --upgrade pip
